<?xml version="1.0" encoding="UTF-8"?>
<!-- Generated by org.testng.reporters.JUnitXMLReporter -->
<testsuite ignored="0" hostname="LAPTOP-BCHU3DJA" failures="0" tests="4" name="Default test" time="159.818" errors="0" timestamp="2023-01-01T20:58:45 IST">
  <testcase classname="com.Insurance.testcases.IP_testcases" name="TC_001_Insurance_Register" time="46.909"/>
  <testcase classname="com.Insurance.testcases.IP_testcases" name="TC_002_Insurance_Register" time="39.554"/>
  <testcase classname="com.Insurance.testcases.IP_testcases" name="TC_003_Insurance_Register" time="40.174"/>
  <testcase classname="com.Insurance.testcases.IP_testcases" name="TC_001_Insurance_Login" time="9.517"/>
</testsuite> <!-- Default test -->
