<?xml version="1.0" encoding="UTF-8"?>
<!-- Generated by org.testng.reporters.JUnitXMLReporter -->
<testsuite ignored="0" hostname="LAPTOP-BCHU3DJA" failures="1" tests="1" name="Test" time="17.068" errors="0" timestamp="2022-12-28T15:50:32 IST">
  <testcase classname="com.Insurance.testcases.IP_testcases" name="TC_001_Insurance_Register" time="8.272">
    <failure type="java.lang.NullPointerException" message="Cannot invoke &amp;quot;org.openqa.selenium.TakesScreenshot.getScreenshotAs(org.openqa.selenium.OutputType)&amp;quot; because &amp;quot;sht&amp;quot; is null">
      <![CDATA[java.lang.NullPointerException: Cannot invoke "org.openqa.selenium.TakesScreenshot.getScreenshotAs(org.openqa.selenium.OutputType)" because "sht" is null
at com.Guru.project.Framework.Reporter.getScreenShot(Reporter.java:101)
at com.Guru.project.Framework.Reporter.logEvent(Reporter.java:63)
at com.Guru.project.Framework.Reporter.log(Reporter.java:90)
at com.Insurance.screenpages.IP_Register_Page.rigisterpage(IP_Register_Page.java:88)
at com.Insurance.testcases.IP_testcases.TC_001_Insurance_Register(IP_testcases.java:28)
at java.base/java.util.ArrayList.forEach(ArrayList.java:1511)
... Removed 25 stack frames]]>
    </failure>
  </testcase> <!-- TC_001_Insurance_Register -->
</testsuite> <!-- Test -->
