<?xml version="1.0" encoding="UTF-8"?>
<testng-results ignored="0" total="4" passed="4" failed="0" skipped="0">
  <reporter-output>
  </reporter-output>
  <suite started-at="2023-01-01T20:56:05 IST" name="Default suite" finished-at="2023-01-01T20:58:45 IST" duration-ms="159818">
    <groups>
    </groups>
    <test started-at="2023-01-01T20:56:05 IST" name="Default test" finished-at="2023-01-01T20:58:45 IST" duration-ms="159818">
      <class name="com.Insurance.testcases.IP_testcases">
        <test-method is-config="true" signature="setupReport()[pri:0, instance:com.Insurance.testcases.IP_testcases@55b7a4e0]" started-at="2023-01-01T20:56:05 IST" name="setupReport" finished-at="2023-01-01T20:56:05 IST" duration-ms="627" status="PASS">
          <reporter-output>
          </reporter-output>
        </test-method> <!-- setupReport -->
        <test-method is-config="true" signature="launchBrowser(java.lang.reflect.Method)[pri:0, instance:com.Insurance.testcases.IP_testcases@55b7a4e0]" started-at="2023-01-01T20:56:06 IST" name="launchBrowser" finished-at="2023-01-01T20:56:13 IST" duration-ms="7601" status="PASS">
          <params>
            <param index="0">
              <value>
                <![CDATA[public static void com.Insurance.testcases.IP_testcases.TC_001_Insurance_Register() throws java.lang.InterruptedException]]>
              </value>
            </param>
          </params>
          <reporter-output>
          </reporter-output>
        </test-method> <!-- launchBrowser -->
        <test-method signature="TC_001_Insurance_Register()[pri:0, instance:com.Insurance.testcases.IP_testcases@55b7a4e0]" started-at="2023-01-01T20:56:13 IST" name="TC_001_Insurance_Register" finished-at="2023-01-01T20:57:00 IST" duration-ms="46909" status="PASS">
          <reporter-output>
          </reporter-output>
        </test-method> <!-- TC_001_Insurance_Register -->
        <test-method is-config="true" signature="closeBrowser()[pri:0, instance:com.Insurance.testcases.IP_testcases@55b7a4e0]" started-at="2023-01-01T20:57:00 IST" name="closeBrowser" finished-at="2023-01-01T20:57:00 IST" duration-ms="225" status="PASS">
          <reporter-output>
          </reporter-output>
        </test-method> <!-- closeBrowser -->
        <test-method is-config="true" signature="launchBrowser(java.lang.reflect.Method)[pri:0, instance:com.Insurance.testcases.IP_testcases@55b7a4e0]" started-at="2023-01-01T20:57:00 IST" name="launchBrowser" finished-at="2023-01-01T20:57:05 IST" duration-ms="4586" status="PASS">
          <params>
            <param index="0">
              <value>
                <![CDATA[public static void com.Insurance.testcases.IP_testcases.TC_002_Insurance_Register() throws java.lang.InterruptedException]]>
              </value>
            </param>
          </params>
          <reporter-output>
          </reporter-output>
        </test-method> <!-- launchBrowser -->
        <test-method signature="TC_002_Insurance_Register()[pri:1, instance:com.Insurance.testcases.IP_testcases@55b7a4e0]" started-at="2023-01-01T20:57:05 IST" name="TC_002_Insurance_Register" finished-at="2023-01-01T20:57:44 IST" duration-ms="39554" status="PASS">
          <reporter-output>
          </reporter-output>
        </test-method> <!-- TC_002_Insurance_Register -->
        <test-method is-config="true" signature="closeBrowser()[pri:0, instance:com.Insurance.testcases.IP_testcases@55b7a4e0]" started-at="2023-01-01T20:57:44 IST" name="closeBrowser" finished-at="2023-01-01T20:57:45 IST" duration-ms="454" status="PASS">
          <reporter-output>
          </reporter-output>
        </test-method> <!-- closeBrowser -->
        <test-method is-config="true" signature="launchBrowser(java.lang.reflect.Method)[pri:0, instance:com.Insurance.testcases.IP_testcases@55b7a4e0]" started-at="2023-01-01T20:57:45 IST" name="launchBrowser" finished-at="2023-01-01T20:57:50 IST" duration-ms="5038" status="PASS">
          <params>
            <param index="0">
              <value>
                <![CDATA[public static void com.Insurance.testcases.IP_testcases.TC_003_Insurance_Register() throws java.lang.InterruptedException]]>
              </value>
            </param>
          </params>
          <reporter-output>
          </reporter-output>
        </test-method> <!-- launchBrowser -->
        <test-method signature="TC_003_Insurance_Register()[pri:2, instance:com.Insurance.testcases.IP_testcases@55b7a4e0]" started-at="2023-01-01T20:57:50 IST" name="TC_003_Insurance_Register" finished-at="2023-01-01T20:58:30 IST" duration-ms="40174" status="PASS">
          <reporter-output>
          </reporter-output>
        </test-method> <!-- TC_003_Insurance_Register -->
        <test-method is-config="true" signature="closeBrowser()[pri:0, instance:com.Insurance.testcases.IP_testcases@55b7a4e0]" started-at="2023-01-01T20:58:30 IST" name="closeBrowser" finished-at="2023-01-01T20:58:31 IST" duration-ms="489" status="PASS">
          <reporter-output>
          </reporter-output>
        </test-method> <!-- closeBrowser -->
        <test-method is-config="true" signature="launchBrowser(java.lang.reflect.Method)[pri:0, instance:com.Insurance.testcases.IP_testcases@55b7a4e0]" started-at="2023-01-01T20:58:31 IST" name="launchBrowser" finished-at="2023-01-01T20:58:35 IST" duration-ms="4803" status="PASS">
          <params>
            <param index="0">
              <value>
                <![CDATA[public static void com.Insurance.testcases.IP_testcases.TC_001_Insurance_Login() throws java.lang.InterruptedException]]>
              </value>
            </param>
          </params>
          <reporter-output>
          </reporter-output>
        </test-method> <!-- launchBrowser -->
        <test-method signature="TC_001_Insurance_Login()[pri:3, instance:com.Insurance.testcases.IP_testcases@55b7a4e0]" started-at="2023-01-01T20:58:35 IST" name="TC_001_Insurance_Login" finished-at="2023-01-01T20:58:45 IST" duration-ms="9517" status="PASS">
          <reporter-output>
          </reporter-output>
        </test-method> <!-- TC_001_Insurance_Login -->
        <test-method is-config="true" signature="closeBrowser()[pri:0, instance:com.Insurance.testcases.IP_testcases@55b7a4e0]" started-at="2023-01-01T20:58:45 IST" name="closeBrowser" finished-at="2023-01-01T20:58:45 IST" duration-ms="380" status="PASS">
          <reporter-output>
          </reporter-output>
        </test-method> <!-- closeBrowser -->
        <test-method is-config="true" signature="flushReportsAndOpen()[pri:0, instance:com.Insurance.testcases.IP_testcases@55b7a4e0]" started-at="2023-01-01T20:58:45 IST" name="flushReportsAndOpen" finished-at="2023-01-01T20:58:51 IST" duration-ms="5619" status="PASS">
          <reporter-output>
          </reporter-output>
        </test-method> <!-- flushReportsAndOpen -->
      </class> <!-- com.Insurance.testcases.IP_testcases -->
    </test> <!-- Default test -->
  </suite> <!-- Default suite -->
</testng-results>
